#
# There is insufficient memory for the Java Runtime Environment to continue.
# Native memory allocation (malloc) failed to allocate 1048576 bytes for AllocateHeap
# Possible reasons:
#   The system is out of physical RAM or swap space
#   In 32 bit mode, the process size limit was hit
# Possible solutions:
#   Reduce memory load on the system
#   Increase physical memory or swap space
#   Check if swap backing store is full
#   Use 64 bit Java on a 64 bit OS
#   Decrease Java heap size (-Xmx/-Xms)
#   Decrease number of Java threads
#   Decrease Java thread stack sizes (-Xss)
#   Set larger code cache with -XX:ReservedCodeCacheSize=
# This output file may be truncated or incomplete.
#
#  Out of Memory Error (memory/allocation.inline.hpp:61), pid=10980, tid=11124
#
# JRE version:  (8.0_74-b02) (build )
# Java VM: Java HotSpot(TM) 64-Bit Server VM (25.74-b02 mixed mode windows-amd64 compressed oops)
# Failed to write core dump. Minidumps are not enabled by default on client versions of Windows
#

---------------  T H R E A D  ---------------

Current thread (0x000000000202d800):  JavaThread "Unknown thread" [_thread_in_vm, id=11124, stack(0x0000000001e30000,0x0000000001f30000)]

Stack: [0x0000000001e30000,0x0000000001f30000]
[error occurred during error reporting (printing stack bounds), id 0xc0000005]

Native frames: (J=compiled Java code, j=interpreted, Vv=VM code, C=native code)


---------------  P R O C E S S  ---------------

Java Threads: ( => current thread )

Other Threads:

=>0x000000000202d800 (exited) JavaThread "Unknown thread" [_thread_in_vm, id=11124, stack(0x0000000001e30000,0x0000000001f30000)]

VM state:not at safepoint (normal execution)

VM Mutex/Monitor currently owned by a thread: None

Heap:
 PSYoungGen      total 38400K, used 665K [0x00000000eab00000, 0x00000000ed580000, 0x0000000100000000)
  eden space 33280K, 2% used [0x00000000eab00000,0x00000000eaba6670,0x00000000ecb80000)
  from space 5120K, 0% used [0x00000000ed080000,0x00000000ed080000,0x00000000ed580000)
  to   space 5120K, 0% used [0x00000000ecb80000,0x00000000ecb80000,0x00000000ed080000)
 ParOldGen       total 87552K, used 0K [0x00000000c0000000, 0x00000000c5580000, 0x00000000eab00000)
  object space 87552K, 0% used [0x00000000c0000000,0x00000000c0000000,0x00000000c5580000)
 Metaspace       used 769K, capacity 4480K, committed 4480K, reserved 1056768K
  class space    used 75K, capacity 384K, committed 384K, reserved 1048576K

Card table byte_map: [0x00000000114f0000,0x0000000011700000] byte_map_base: 0x0000000010ef0000

Marking Bits: (ParMarkBitMap*) 0x0000000052990600
 Begin Bits: [0x0000000012060000, 0x0000000013060000)
 End Bits:   [0x0000000013060000, 0x0000000014060000)

Polling page: 0x0000000000680000

CodeCache: size=245760Kb used=327Kb max_used=327Kb free=245432Kb
 bounds [0x0000000002130000, 0x00000000023a0000, 0x0000000011130000]
 total_blobs=57 nmethods=0 adapters=38
 compilation: enabled

Compilation events (0 events):
No events

GC Heap History (0 events):
No events

Deoptimization events (0 events):
No events

Internal exceptions (0 events):
No events

Events (10 events):
Event: 0.033 loading class java/lang/Short
Event: 0.033 loading class java/lang/Short done
Event: 0.033 loading class java/lang/Integer
Event: 0.033 loading class java/lang/Integer done
Event: 0.034 loading class java/lang/Long
Event: 0.034 loading class java/lang/Long done
Event: 0.034 loading class java/lang/NullPointerException
Event: 0.035 loading class java/lang/NullPointerException done
Event: 0.035 loading class java/lang/ArithmeticException
Event: 0.035 loading class java/lang/ArithmeticException done


Dynamic libraries:
0x00007ff73f6c0000 - 0x00007ff73f6f7000 	C:\Program Files\Java\jdk1.8.0_74\bin\java.exe
0x00007ffd4b400000 - 0x00007ffd4b5c1000 	C:\WINDOWS\SYSTEM32\ntdll.dll
0x00007ffd4b0c0000 - 0x00007ffd4b16d000 	C:\WINDOWS\system32\KERNEL32.DLL
0x00007ffd47df0000 - 0x00007ffd47fd8000 	C:\WINDOWS\system32\KERNELBASE.dll
0x00007ffd4ad10000 - 0x00007ffd4adb7000 	C:\WINDOWS\system32\ADVAPI32.dll
0x00007ffd4ac10000 - 0x00007ffd4acad000 	C:\WINDOWS\system32\msvcrt.dll
0x00007ffd4acb0000 - 0x00007ffd4ad0b000 	C:\WINDOWS\system32\sechost.dll
0x00007ffd49140000 - 0x00007ffd4925c000 	C:\WINDOWS\system32\RPCRT4.dll
0x00007ffd4b170000 - 0x00007ffd4b2c6000 	C:\WINDOWS\system32\USER32.dll
0x00007ffd493b0000 - 0x00007ffd49536000 	C:\WINDOWS\system32\GDI32.dll
0x00007ffd38410000 - 0x00007ffd38684000 	C:\WINDOWS\WinSxS\amd64_microsoft.windows.common-controls_6595b64144ccf1df_6.0.10586.0_none_8c15ae12515e1c22\COMCTL32.dll
0x00007ffd48e60000 - 0x00007ffd490dd000 	C:\WINDOWS\system32\combase.dll
0x00007ffd48790000 - 0x00007ffd487fa000 	C:\WINDOWS\system32\bcryptPrimitives.dll
0x00007ffd48860000 - 0x00007ffd4889b000 	C:\WINDOWS\system32\IMM32.DLL
0x0000000051a90000 - 0x0000000051b62000 	C:\Program Files\Java\jdk1.8.0_74\jre\bin\msvcr100.dll
0x0000000052180000 - 0x0000000052a10000 	C:\Program Files\Java\jdk1.8.0_74\jre\bin\server\jvm.dll
0x00007ffd4b2d0000 - 0x00007ffd4b2d8000 	C:\WINDOWS\system32\PSAPI.DLL
0x00007ffd3c2d0000 - 0x00007ffd3c2d9000 	C:\WINDOWS\SYSTEM32\WSOCK32.dll
0x00007ffd48df0000 - 0x00007ffd48e5b000 	C:\WINDOWS\system32\WS2_32.dll
0x00007ffd46150000 - 0x00007ffd46173000 	C:\WINDOWS\SYSTEM32\WINMM.dll
0x00007ffd42d80000 - 0x00007ffd42d8a000 	C:\WINDOWS\SYSTEM32\VERSION.dll
0x00007ffd460c0000 - 0x00007ffd460ec000 	C:\WINDOWS\SYSTEM32\WINMMBASE.dll
0x00007ffd48630000 - 0x00007ffd48673000 	C:\WINDOWS\system32\cfgmgr32.dll
0x0000000054a00000 - 0x0000000054a0f000 	C:\Program Files\Java\jdk1.8.0_74\jre\bin\verify.dll
0x0000000052150000 - 0x0000000052179000 	C:\Program Files\Java\jdk1.8.0_74\jre\bin\java.dll
0x0000000052130000 - 0x0000000052146000 	C:\Program Files\Java\jdk1.8.0_74\jre\bin\zip.dll

VM Arguments:
jvm_args: -Djava.awt.headless=true -Xmx1024M -Dfile.encoding=windows-1252 -Duser.country=AU -Duser.language=en -Duser.variant 
java_command: com.android.dx.command.Main --dex --force-jumbo --num-threads=4 --multi-dex --output C:\Users\Harold\Desktop\StayTuned\mobile\build\intermediates\transforms\dex\debug\folders\1000\10\instant-run_d7eae09f4dcacd00779437ff7892a02beba82016 C:\Users\Harold\Desktop\StayTuned\mobile\build\intermediates\incremental-runtime-classes\debug\instant-run.jar
java_class_path (initial): C:\Users\Harold\AppData\Local\Android\sdk\build-tools\23.0.2\lib\dx.jar
Launcher Type: SUN_STANDARD

Environment Variables:
PATH=C:\ProgramData\Oracle\Java\javapath;C:\WINDOWS\system32;C:\WINDOWS;C:\WINDOWS\System32\Wbem;C:\WINDOWS\System32\WindowsPowerShell\v1.0\;C:\Program Files (x86)\ATI Technologies\ATI.ACE\Core-Static;C:\Program Files (x86)\AMD\ATI.ACE\Core-Static;C:\Program Files\Microsoft SQL Server\110\Tools\Binn\;C:\Program Files (x86)\Microsoft SQL Server\110\Tools\Binn\ManagementStudio\;C:\Program Files (x86)\Microsoft SQL Server\110\Tools\Binn\;C:\Program Files (x86)\Microsoft SQL Server\110\DTS\Binn\;C:\Program Files\Microsoft SQL Server\110\DTS\Binn\;C:\Program Files (x86)\Microsoft SDKs\TypeScript\1.0\;C:\Program Files\Microsoft SQL Server\120\Tools\Binn\;C:\Program Files (x86)\Skype\Phone\;C:\WINDOWS\system32\config\systemprofile\.dnx\bin;C:\Program Files\Microsoft DNX\Dnvm\;C:\Program Files (x86)\Windows Kits\10\Windows Performance Toolkit\;C:\Program Files\Git\cmd;C:\Program Files\Java\jdk1.8.0_74\bin
USERNAME=Harold
OS=Windows_NT
PROCESSOR_IDENTIFIER=AMD64 Family 21 Model 2 Stepping 0, AuthenticAMD



---------------  S Y S T E M  ---------------

OS: Windows 10.0 , 64 bit Build 10586 (10.0.10586.0)

CPU:total 8 (8 cores per cpu, 1 threads per core) family 21 model 2 stepping 0, cmov, cx8, fxsr, mmx, sse, sse2, sse3, ssse3, sse4.1, sse4.2, popcnt, avx, aes, clmul, mmxext, 3dnowpref, lzcnt, sse4a, tsc, tscinvbit, tscinv, bmi1

Memory: 4k page, physical 8285704k(2615380k free), swap 9334280k(5736k free)

vm_info: Java HotSpot(TM) 64-Bit Server VM (25.74-b02) for windows-amd64 JRE (1.8.0_74-b02), built on Jan 29 2016 17:42:36 by "java_re" with MS VC++ 10.0 (VS2010)

time: Tue Apr 26 10:58:26 2016
elapsed time: 0 seconds (0d 0h 0m 0s)

