#
# There is insufficient memory for the Java Runtime Environment to continue.
# Native memory allocation (malloc) failed to allocate 434656 bytes for Chunk::new
# Possible reasons:
#   The system is out of physical RAM or swap space
#   In 32 bit mode, the process size limit was hit
# Possible solutions:
#   Reduce memory load on the system
#   Increase physical memory or swap space
#   Check if swap backing store is full
#   Use 64 bit Java on a 64 bit OS
#   Decrease Java heap size (-Xmx/-Xms)
#   Decrease number of Java threads
#   Decrease Java thread stack sizes (-Xss)
#   Set larger code cache with -XX:ReservedCodeCacheSize=
# This output file may be truncated or incomplete.
#
#  Out of Memory Error (allocation.cpp:390), pid=9564, tid=8032
#
# JRE version: Java(TM) SE Runtime Environment (8.0_74-b02) (build 1.8.0_74-b02)
# Java VM: Java HotSpot(TM) 64-Bit Server VM (25.74-b02 mixed mode windows-amd64 compressed oops)
# Failed to write core dump. Minidumps are not enabled by default on client versions of Windows
#

---------------  T H R E A D  ---------------

Current thread (0x0000000016d76000):  JavaThread "C2 CompilerThread2" daemon [_thread_in_native, id=8032, stack(0x00000000176d0000,0x00000000177d0000)]

Stack: [0x00000000176d0000,0x00000000177d0000]
[error occurred during error reporting (printing stack bounds), id 0xc0000005]

Native frames: (J=compiled Java code, j=interpreted, Vv=VM code, C=native code)


Current CompileTask:
C2:   1141 1008       4       com.android.dx.ssa.back.LivenessAnalyzer::handleTailRecursion (94 bytes)


---------------  P R O C E S S  ---------------

Java Threads: ( => current thread )
  0x0000000017061000 JavaThread "pool-1-thread-4" [_thread_in_Java, id=9516, stack(0x00000000186d0000,0x00000000187d0000)]
  0x000000001705c800 JavaThread "pool-1-thread-3" [_thread_in_Java, id=6932, stack(0x00000000185d0000,0x00000000186d0000)]
  0x000000001705b800 JavaThread "pool-1-thread-2" [_thread_in_Java, id=7612, stack(0x00000000184d0000,0x00000000185d0000)]
  0x0000000017056000 JavaThread "pool-2-thread-1" [_thread_blocked, id=8872, stack(0x00000000183d0000,0x00000000184d0000)]
  0x0000000016fc3800 JavaThread "pool-1-thread-1" [_thread_in_vm, id=8204, stack(0x00000000182d0000,0x00000000183d0000)]
  0x0000000016d81000 JavaThread "Service Thread" daemon [_thread_blocked, id=8004, stack(0x00000000178d0000,0x00000000179d0000)]
  0x0000000016d79800 JavaThread "C1 CompilerThread3" daemon [_thread_in_native, id=8668, stack(0x00000000177d0000,0x00000000178d0000)]
=>0x0000000016d76000 JavaThread "C2 CompilerThread2" daemon [_thread_in_native, id=8032, stack(0x00000000176d0000,0x00000000177d0000)]
  0x0000000016d1c000 JavaThread "C2 CompilerThread1" daemon [_thread_in_native, id=228, stack(0x00000000175d0000,0x00000000176d0000)]
  0x0000000016d19000 JavaThread "C2 CompilerThread0" daemon [_thread_in_native, id=2324, stack(0x00000000174d0000,0x00000000175d0000)]
  0x0000000016d17000 JavaThread "Attach Listener" daemon [_thread_blocked, id=8728, stack(0x00000000173d0000,0x00000000174d0000)]
  0x0000000016d16000 JavaThread "Signal Dispatcher" daemon [_thread_blocked, id=4760, stack(0x00000000172d0000,0x00000000173d0000)]
  0x00000000022cd800 JavaThread "Finalizer" daemon [_thread_blocked, id=10200, stack(0x00000000170f0000,0x00000000171f0000)]
  0x00000000022c4000 JavaThread "Reference Handler" daemon [_thread_blocked, id=1484, stack(0x0000000016bf0000,0x0000000016cf0000)]
  0x00000000021bd800 JavaThread "main" [_thread_in_native, id=7636, stack(0x0000000001fd0000,0x00000000020d0000)]

Other Threads:
  0x0000000014de9800 VMThread [stack: 0x0000000016af0000,0x0000000016bf0000] [id=8404]
  0x0000000016d87800 WatcherThread [stack: 0x00000000179d0000,0x0000000017ad0000] [id=948]

VM state:not at safepoint (normal execution)

VM Mutex/Monitor currently owned by a thread: None

Heap:
 PSYoungGen      total 38400K, used 27324K [0x00000000eab00000, 0x00000000ed580000, 0x0000000100000000)
  eden space 33280K, 82% used [0x00000000eab00000,0x00000000ec5af2d0,0x00000000ecb80000)
  from space 5120K, 0% used [0x00000000ed080000,0x00000000ed080000,0x00000000ed580000)
  to   space 5120K, 0% used [0x00000000ecb80000,0x00000000ecb80000,0x00000000ed080000)
 ParOldGen       total 87552K, used 0K [0x00000000c0000000, 0x00000000c5580000, 0x00000000eab00000)
  object space 87552K, 0% used [0x00000000c0000000,0x00000000c0000000,0x00000000c5580000)
 Metaspace       used 5874K, capacity 6770K, committed 7040K, reserved 1056768K
  class space    used 598K, capacity 618K, committed 640K, reserved 1048576K

Card table byte_map: [0x0000000011690000,0x00000000118a0000] byte_map_base: 0x0000000011090000

Marking Bits: (ParMarkBitMap*) 0x000000006b1d0600
 Begin Bits: [0x0000000012200000, 0x0000000013200000)
 End Bits:   [0x0000000013200000, 0x0000000014200000)

Polling page: 0x0000000000580000

CodeCache: size=245760Kb used=4012Kb max_used=4012Kb free=241747Kb
 bounds [0x00000000022d0000, 0x00000000026c0000, 0x00000000112d0000]
 total_blobs=1292 nmethods=1024 adapters=182
 compilation: enabled

Compilation events (10 events):
Event: 1.134 Thread 0x0000000016d79800 nmethod 1020 0x00000000026af550 code [0x00000000026af740, 0x00000000026b0328]
Event: 1.134 Thread 0x0000000016d79800 1028       3       com.android.dx.rop.code.RegisterSpecSet::localItemToSpec (49 bytes)
Event: 1.134 Thread 0x0000000016d79800 nmethod 1028 0x00000000026b0810 code [0x00000000026b09a0, 0x00000000026b0f68]
Event: 1.134 Thread 0x0000000016d79800 1029       3       com.android.dx.cf.code.ByteBlock::<init> (181 bytes)
Event: 1.135 Thread 0x0000000016d79800 nmethod 1029 0x00000000026b1190 code [0x00000000026b1460, 0x00000000026b2768]
Event: 1.135 Thread 0x0000000016d79800 1027       3       com.android.dx.rop.type.StdTypeList::withFirst (53 bytes)
Event: 1.136 Thread 0x0000000016d79800 nmethod 1027 0x00000000026b3090 code [0x00000000026b3300, 0x00000000026b4438]
Event: 1.136 Thread 0x0000000016d79800 1038   !   3       com.android.dx.cf.code.Simulator::simulate (74 bytes)
Event: 1.137 Thread 0x0000000016d79800 nmethod 1038 0x00000000026b50d0 code [0x00000000026b52a0, 0x00000000026b5b58]
Event: 1.137 Thread 0x0000000016d79800 1022       3       java.util.TreeMap::fixAfterInsertion (267 bytes)

GC Heap History (0 events):
No events

Deoptimization events (10 events):
Event: 0.919 Thread 0x000000001705c800 Uncommon trap: reason=unstable_if action=reinterpret pc=0x0000000002509ff0 method=java.util.BitSet.nextSetBit(I)I @ 87
Event: 0.924 Thread 0x00000000021bd800 Uncommon trap: reason=class_check action=maybe_recompile pc=0x0000000002558ff0 method=com.android.dx.ssa.NormalSsaInsn.accept(Lcom/android/dx/ssa/SsaInsn$Visitor;)V @ 9
Event: 0.924 Thread 0x00000000021bd800 Uncommon trap: reason=class_check action=maybe_recompile pc=0x0000000002558ff0 method=com.android.dx.ssa.NormalSsaInsn.accept(Lcom/android/dx/ssa/SsaInsn$Visitor;)V @ 9
Event: 0.925 Thread 0x00000000021bd800 Uncommon trap: reason=class_check action=maybe_recompile pc=0x0000000002558ff0 method=com.android.dx.ssa.NormalSsaInsn.accept(Lcom/android/dx/ssa/SsaInsn$Visitor;)V @ 9
Event: 0.926 Thread 0x00000000021bd800 Uncommon trap: reason=class_check action=maybe_recompile pc=0x0000000002558ff0 method=com.android.dx.ssa.NormalSsaInsn.accept(Lcom/android/dx/ssa/SsaInsn$Visitor;)V @ 9
Event: 0.987 Thread 0x0000000016fc3800 Uncommon trap: reason=class_check action=maybe_recompile pc=0x00000000025397bc method=com.android.dx.rop.type.Type.equals(Ljava/lang/Object;)Z @ 8
Event: 0.987 Thread 0x0000000016fc3800 Uncommon trap: reason=class_check action=maybe_recompile pc=0x00000000025397bc method=com.android.dx.rop.type.Type.equals(Ljava/lang/Object;)Z @ 8
Event: 0.987 Thread 0x0000000016fc3800 Uncommon trap: reason=class_check action=maybe_recompile pc=0x00000000025397bc method=com.android.dx.rop.type.Type.equals(Ljava/lang/Object;)Z @ 8
Event: 0.987 Thread 0x0000000016fc3800 Uncommon trap: reason=class_check action=maybe_recompile pc=0x00000000025397bc method=com.android.dx.rop.type.Type.equals(Ljava/lang/Object;)Z @ 8
Event: 1.004 Thread 0x0000000016fc3800 Uncommon trap: reason=unstable_if action=reinterpret pc=0x00000000025a155c method=com.android.dx.rop.cst.Constant.compareTo(Lcom/android/dx/rop/cst/Constant;)I @ 12

Internal exceptions (2 events):
Event: 0.068 Thread 0x00000000021bd800 Exception <a 'java/lang/NoSuchMethodError': Method sun.misc.Unsafe.defineClass(Ljava/lang/String;[BII)Ljava/lang/Class; name or signature does not match> (0x00000000eab07cc0) thrown at [C:\re\workspace\8-2-build-windows-amd64-cygwin\jdk8u74\6087\hotspot\srðœ¢o±?
Event: 0.068 Thread 0x00000000021bd800 Exception <a 'java/lang/NoSuchMethodError': Method sun.misc.Unsafe.prefetchRead(Ljava/lang/Object;J)V name or signature does not match> (0x00000000eab07fa8) thrown at [C:\re\workspace\8-2-build-windows-amd64-cygwin\jdk8u74\6087\hotspot\src\share\vm\prims\j

Events (10 events):
Event: 0.987 Thread 0x0000000016fc3800 DEOPT UNPACKING pc=0x000000000231582a sp=0x00000000183cdee8 mode 2
Event: 0.989 loading class java/util/DualPivotQuicksort
Event: 0.989 loading class java/util/DualPivotQuicksort done
Event: 1.004 Thread 0x0000000016fc3800 Uncommon trap: trap_request=0xffffff65 fr.pc=0x00000000025a155c
Event: 1.004 Thread 0x0000000016fc3800 DEOPT PACKING pc=0x00000000025a155c sp=0x00000000183ce410
Event: 1.004 Thread 0x0000000016fc3800 DEOPT UNPACKING pc=0x000000000231582a sp=0x00000000183ce3b0 mode 2
Event: 1.098 loading class java/util/TreeMap$EntrySet
Event: 1.099 loading class java/util/TreeMap$EntrySet done
Event: 1.099 loading class java/util/TreeMap$EntryIterator
Event: 1.099 loading class java/util/TreeMap$EntryIterator done


Dynamic libraries:
0x00007ff6e9a20000 - 0x00007ff6e9a57000 	C:\Program Files\Java\jdk1.8.0_74\bin\java.exe
0x00007ff80e490000 - 0x00007ff80e651000 	C:\WINDOWS\SYSTEM32\ntdll.dll
0x00007ff80c380000 - 0x00007ff80c42d000 	C:\WINDOWS\system32\KERNEL32.DLL
0x00007ff80b450000 - 0x00007ff80b638000 	C:\WINDOWS\system32\KERNELBASE.dll
0x00007ff80cad0000 - 0x00007ff80cb77000 	C:\WINDOWS\system32\ADVAPI32.dll
0x00007ff80bb50000 - 0x00007ff80bbed000 	C:\WINDOWS\system32\msvcrt.dll
0x00007ff80c8c0000 - 0x00007ff80c91b000 	C:\WINDOWS\system32\sechost.dll
0x00007ff80cb80000 - 0x00007ff80cc9c000 	C:\WINDOWS\system32\RPCRT4.dll
0x00007ff80c1c0000 - 0x00007ff80c316000 	C:\WINDOWS\system32\USER32.dll
0x00007ff80b9c0000 - 0x00007ff80bb46000 	C:\WINDOWS\system32\GDI32.dll
0x00007ffffb3c0000 - 0x00007ffffb634000 	C:\WINDOWS\WinSxS\amd64_microsoft.windows.common-controls_6595b64144ccf1df_6.0.10586.0_none_8c15ae12515e1c22\COMCTL32.dll
0x00007ff80bf00000 - 0x00007ff80c17d000 	C:\WINDOWS\system32\combase.dll
0x00007ff80aba0000 - 0x00007ff80ac0a000 	C:\WINDOWS\system32\bcryptPrimitives.dll
0x00007ff80c180000 - 0x00007ff80c1bb000 	C:\WINDOWS\system32\IMM32.DLL
0x000000006a510000 - 0x000000006a5e2000 	C:\Program Files\Java\jdk1.8.0_74\jre\bin\msvcr100.dll
0x000000006a9c0000 - 0x000000006b250000 	C:\Program Files\Java\jdk1.8.0_74\jre\bin\server\jvm.dll
0x00007ff80ca60000 - 0x00007ff80ca68000 	C:\WINDOWS\system32\PSAPI.DLL
0x00007fffff3e0000 - 0x00007fffff3e9000 	C:\WINDOWS\SYSTEM32\WSOCK32.dll
0x00007ff80c920000 - 0x00007ff80c98b000 	C:\WINDOWS\system32\WS2_32.dll
0x00007ff8091e0000 - 0x00007ff809203000 	C:\WINDOWS\SYSTEM32\WINMM.dll
0x00007ff805e40000 - 0x00007ff805e4a000 	C:\WINDOWS\SYSTEM32\VERSION.dll
0x00007ff809180000 - 0x00007ff8091ac000 	C:\WINDOWS\SYSTEM32\WINMMBASE.dll
0x00007ff80b840000 - 0x00007ff80b883000 	C:\WINDOWS\system32\cfgmgr32.dll
0x000000006d520000 - 0x000000006d52f000 	C:\Program Files\Java\jdk1.8.0_74\jre\bin\verify.dll
0x000000006a990000 - 0x000000006a9b9000 	C:\Program Files\Java\jdk1.8.0_74\jre\bin\java.dll
0x000000006d500000 - 0x000000006d516000 	C:\Program Files\Java\jdk1.8.0_74\jre\bin\zip.dll
0x00007ff80cf30000 - 0x00007ff80e48c000 	C:\WINDOWS\system32\SHELL32.dll
0x00007ff80ac10000 - 0x00007ff80b255000 	C:\WINDOWS\system32\windows.storage.dll
0x00007ff80c430000 - 0x00007ff80c482000 	C:\WINDOWS\system32\shlwapi.dll
0x00007ff80ab00000 - 0x00007ff80ab0f000 	C:\WINDOWS\system32\kernel.appcore.dll
0x00007ff80b780000 - 0x00007ff80b835000 	C:\WINDOWS\system32\shcore.dll
0x00007ff80aab0000 - 0x00007ff80aafb000 	C:\WINDOWS\system32\powrprof.dll
0x00007ff80ab10000 - 0x00007ff80ab24000 	C:\WINDOWS\system32\profapi.dll

VM Arguments:
jvm_args: -Djava.awt.headless=true -Xmx1024M -Dfile.encoding=windows-1252 -Duser.country=AU -Duser.language=en -Duser.variant 
java_command: com.android.dx.command.Main --dex --num-threads=4 --output C:\Users\Harold\Desktop\StayTuned\mobile\build\intermediates\pre-dexed\debug\internal_impl-23.2.1_e6985a1ce099a0a7db367f4083775dfbaa5f96d9.jar C:\Users\Harold\Desktop\StayTuned\mobile\build\intermediates\exploded-aar\com.android.support\support-v4\23.2.1\jars\libs\internal_impl-23.2.1.jar
java_class_path (initial): C:\Users\Harold\AppData\Local\Android\sdk\build-tools\23.0.2\lib\dx.jar
Launcher Type: SUN_STANDARD

Environment Variables:
PATH=C:\ProgramData\Oracle\Java\javapath;C:\WINDOWS\system32;C:\WINDOWS;C:\WINDOWS\System32\Wbem;C:\WINDOWS\System32\WindowsPowerShell\v1.0\;C:\Program Files (x86)\ATI Technologies\ATI.ACE\Core-Static;C:\Program Files (x86)\AMD\ATI.ACE\Core-Static;C:\Program Files\Microsoft SQL Server\110\Tools\Binn\;C:\Program Files (x86)\Microsoft SQL Server\110\Tools\Binn\ManagementStudio\;C:\Program Files (x86)\Microsoft SQL Server\110\Tools\Binn\;C:\Program Files (x86)\Microsoft SQL Server\110\DTS\Binn\;C:\Program Files\Microsoft SQL Server\110\DTS\Binn\;C:\Program Files (x86)\Microsoft SDKs\TypeScript\1.0\;C:\Program Files\Microsoft SQL Server\120\Tools\Binn\;C:\Program Files (x86)\Skype\Phone\;C:\WINDOWS\system32\config\systemprofile\.dnx\bin;C:\Program Files\Microsoft DNX\Dnvm\;C:\Program Files (x86)\Windows Kits\10\Windows Performance Toolkit\;C:\Program Files\Git\cmd;C:\Program Files\Java\jdk1.8.0_74\bin
USERNAME=Harold
OS=Windows_NT
PROCESSOR_IDENTIFIER=AMD64 Family 21 Model 2 Stepping 0, AuthenticAMD



---------------  S Y S T E M  ---------------

OS: Windows 10.0 , 64 bit Build 10586 (10.0.10586.0)

CPU:total 8 (8 cores per cpu, 1 threads per core) family 21 model 2 stepping 0, cmov, cx8, fxsr, mmx, sse, sse2, sse3, ssse3, sse4.1, sse4.2, popcnt, avx, aes, clmul, mmxext, 3dnowpref, lzcnt, sse4a, tsc, tscinvbit, tscinv, bmi1

Memory: 4k page, physical 8285704k(2352604k free), swap 9334280k(5164k free)

vm_info: Java HotSpot(TM) 64-Bit Server VM (25.74-b02) for windows-amd64 JRE (1.8.0_74-b02), built on Jan 29 2016 17:42:36 by "java_re" with MS VC++ 10.0 (VS2010)

time: Sun Apr 03 12:02:51 2016
elapsed time: 1 seconds (0d 0h 0m 1s)

